0 info it worked if it ends with ok
1 verbose cli [ 'C:\\Program Files\\nodejs\\node.exe',
1 verbose cli   'C:\\Program Files\\nodejs\\node_modules\\npm\\bin\\npm-cli.js',
1 verbose cli   'start' ]
2 info using npm@3.10.10
3 info using node@v6.9.3
4 verbose run-script [ 'prestart', 'start', 'poststart' ]
5 info lifecycle relay-test@1.0.0~prestart: relay-test@1.0.0
6 silly lifecycle relay-test@1.0.0~prestart: no script for prestart, continuing
7 info lifecycle relay-test@1.0.0~start: relay-test@1.0.0
8 verbose lifecycle relay-test@1.0.0~start: unsafe-perm in lifecycle true
9 verbose lifecycle relay-test@1.0.0~start: PATH: C:\Program Files\nodejs\node_modules\npm\bin\node-gyp-bin;E:\newWorld\livecenter\node_modules\.bin;C:\ProgramData\Oracle\Java\javapath;f:\RailsInstaller\Ruby2.0.0\bin;C:\Windows\system32;C:\Windows;C:\Windows\System32\Wbem;C:\Windows\System32\WindowsPowerShell\v1.0\;C:\Program Files\Intel\OpenCL SDK\2.0\bin\x86;F:\Android\sdk.12May17\platform-tools;F:\Android\sdk.12May17\tools;E:\jdk\bin;C:\Users\suryakant.INVITRAT\AppData\Roaming\npm\node_modules\ant\ant\bin;F:\apkdecode;E:\nodejs\rbapp\bin;F:\ruby\bin;F:\Heroku\bin;C:\Program Files\git\cmd;C:\Program Files\QuickTime\QTSystem\;F:\PostgreSQL\bin;C:\Program Files\Bitvise Tunnelier;F:\git\Git\bin;F:\git\Git\cmd;C:\Program Files\Skype\Phone\,C:\Users\suryakant.INVITRAT\AppData\Roaming\npm\node_modules\imageoptim-cli\bin;C:\Program Files\nodejs\;C:\Program Files\Microsoft SQL Server\Client SDK\ODBC\110\Tools\Binn\;C:\Program Files\Microsoft SQL Server\120\Tools\Binn\ManagementStudio\;C:\Program Files\Microsoft SQL Server\120\Tools\Binn\;C:\Program Files\Microsoft SQL Server\120\DTS\Binn\;D:\mysql\bin;D:\mysql\;C:\ProgramData\chocolatey\bin;F:\yarn\bin;C:\Users\suryakant.INVITRAT\AppData\Roaming\npm;C:\Program Files\Skype\Phone\;f:\RailsInstaller\Ruby2.0.0\bin;C:\Windows\system32;C:\Windows;C:\Windows\System32\Wbem;C:\Windows\System32\WindowsPowerShell\v1.0\;C:\Program Files\Intel\OpenCL SDK\2.0\bin\x86;F:\Android\sdk.12May17\platform-tools;F:\Android\sdk.12May17\tools;E:\jdk\bin;C:\Users\suryakant.INVITRAT\AppData\Roaming\npm\node_modules\ant\ant\bin;F:\apkdecode;E:\nodejs\rbapp\bin;F:\ruby\bin;F:\Heroku\bin;C:\Program Files\git\cmd;C:\Program Files\QuickTime\QTSystem\;F:\PostgreSQL\bin;C:\Program Files\Bitvise Tunnelier;F:\git\Git\bin;F:\git\Git\cmd;C:\Program Files\Skype\Phone\,C:\Users\suryakant.INVITRAT\AppData\Roaming\npm\node_modules\imageoptim-cli\bin;C:\Program Files\Skype\Phone\;E:\nodejs\;C:\Users\suryakant.INVITRAT\AppData\Roaming\npm,F:\Android\sdk.12May17\platform-tools,F:\Android\sdk.12May17\tools;F:\git\Git\bin\wish.exe;F:\apkdecode;C:\Python27;C:\Python27\Scripts;F:\ruby\bin;F:\PostgreSQL\bin;F:\git\Git\bin;F:\git\Git\cmd;C:\Users\suryakant.INVITRAT\AppData\Local\.meteor\;C:\Program Files\Microsoft VS;e:\nodejs\;C:\U
10 verbose lifecycle relay-test@1.0.0~start: CWD: E:\newWorld\livecenter
11 silly lifecycle relay-test@1.0.0~start: Args: [ '/d /s /c', 'node .' ]
12 silly lifecycle relay-test@1.0.0~start: Returned: code: 3221225786  signal: null
13 info lifecycle relay-test@1.0.0~start: Failed to exec start script
14 verbose stack Error: relay-test@1.0.0 start: `node .`
14 verbose stack Exit status 3221225786
14 verbose stack     at EventEmitter.<anonymous> (C:\Program Files\nodejs\node_modules\npm\lib\utils\lifecycle.js:255:16)
14 verbose stack     at emitTwo (events.js:106:13)
14 verbose stack     at EventEmitter.emit (events.js:191:7)
14 verbose stack     at ChildProcess.<anonymous> (C:\Program Files\nodejs\node_modules\npm\lib\utils\spawn.js:40:14)
14 verbose stack     at emitTwo (events.js:106:13)
14 verbose stack     at ChildProcess.emit (events.js:191:7)
14 verbose stack     at maybeClose (internal/child_process.js:877:16)
14 verbose stack     at Process.ChildProcess._handle.onexit (internal/child_process.js:226:5)
15 verbose pkgid relay-test@1.0.0
16 verbose cwd E:\newWorld\livecenter
17 error Windows_NT 6.1.7601
18 error argv "C:\\Program Files\\nodejs\\node.exe" "C:\\Program Files\\nodejs\\node_modules\\npm\\bin\\npm-cli.js" "start"
19 error node v6.9.3
20 error npm  v3.10.10
21 error code ELIFECYCLE
22 error relay-test@1.0.0 start: `node .`
22 error Exit status 3221225786
23 error Failed at the relay-test@1.0.0 start script 'node .'.
23 error Make sure you have the latest version of node.js and npm installed.
23 error If you do, this is most likely a problem with the relay-test package,
23 error not with npm itself.
23 error Tell the author that this fails on your system:
23 error     node .
23 error You can get information on how to open an issue for this project with:
23 error     npm bugs relay-test
23 error Or if that isn't available, you can get their info via:
23 error     npm owner ls relay-test
23 error There is likely additional logging output above.
24 verbose exit [ 1, true ]
